<?xml version="1.0" encoding="UTF-8"?>
<!-- Generated by org.testng.reporters.JUnitReportReporter -->
<testsuite hostname="LAPTOP-KB6UDKRL" failures="0" tests="2" name="com.actitime.ContactTestScripts.ContactModule" time="0.010" errors="0" timestamp="18 Oct 2021 13:24:43 GMT" skipped="0">
  <testcase classname="com.actitime.ContactTestScripts.ContactModule" name="createContact" time="0.009"/>
  <testcase classname="com.actitime.ContactTestScripts.ContactModule" name="modifyContact" time="0.001"/>
</testsuite> <!-- com.actitime.ContactTestScripts.ContactModule -->
