<?xml version="1.0" encoding="UTF-8"?>
<!-- Generated by org.testng.reporters.JUnitReportReporter -->
<testsuite hostname="LAPTOP-KB6UDKRL" failures="0" tests="2" name="com.actitime.OrgTestScripts.CreateOrg" time="0.002" errors="0" timestamp="18 Oct 2021 13:24:43 GMT" skipped="0">
  <testcase classname="com.actitime.OrgTestScripts.CreateOrg" name="createOrg" time="0.001"/>
  <testcase classname="com.actitime.OrgTestScripts.CreateOrg" name="modifyOrg" time="0.001"/>
</testsuite> <!-- com.actitime.OrgTestScripts.CreateOrg -->
